{
  "MiniTest": {
    "coverage": {
      "/home/enj/Documents/BookStore/app/models/user.rb": [
        1,
        1,
        null,
        null,
        1,
        null
      ],
      "/home/enj/Documents/BookStore/app/models/application_record.rb": [
        1,
        1,
        null
      ],
      "/home/enj/Documents/BookStore/app/models/book.rb": [
        0,
        0,
        0,
        null,
        0,
        0,
        null,
        0,
        0,
        null,
        0,
        0,
        0,
        null,
        0
      ],
      "/home/enj/Documents/BookStore/app/models/genre.rb": [
        0,
        0,
        0,
        0
      ],
      "/home/enj/Documents/BookStore/app/models/author.rb": [
        0,
        0,
        0,
        0,
        null,
        0,
        0,
        0,
        null,
        0,
        null
      ],
      "/home/enj/Documents/BookStore/app/jobs/application_job.rb": [
        0,
        0
      ],
      "/home/enj/Documents/BookStore/app/controllers/registrations_controller.rb": [
        0,
        null,
        0,
        null,
        0,
        0,
        0,
        null,
        0,
        0,
        0,
        0
      ],
      "/home/enj/Documents/BookStore/app/controllers/application_controller.rb": [
        0,
        0
      ],
      "/home/enj/Documents/BookStore/app/controllers/books_controller.rb": [
        0,
        0,
        null,
        0,
        0,
        0,
        0,
        0,
        null,
        0,
        0,
        0,
        null,
        0,
        0,
        0
      ],
      "/home/enj/Documents/BookStore/app/controllers/users_controller.rb": [
        0,
        null,
        0
      ],
      "/home/enj/Documents/BookStore/app/helpers/books_helper.rb": [
        0,
        0
      ],
      "/home/enj/Documents/BookStore/app/helpers/users_helper.rb": [
        0,
        0
      ],
      "/home/enj/Documents/BookStore/app/helpers/application_helper.rb": [
        0,
        0
      ],
      "/home/enj/Documents/BookStore/app/channels/application_cable/connection.rb": [
        0,
        0,
        0,
        0
      ],
      "/home/enj/Documents/BookStore/app/channels/application_cable/channel.rb": [
        0,
        0,
        0,
        0
      ],
      "/home/enj/Documents/BookStore/app/mailers/application_mailer.rb": [
        0,
        0,
        0,
        0
      ]
    },
    "timestamp": 1544287379
  },
  "RSpec": {
    "coverage": {
      "/home/enj/Downloads/BookStore/app/helpers/users_helper.rb": [
        1,
        null,
        null,
        null,
        null,
        null,
        null,
        null,
        null,
        null,
        null,
        null,
        null,
        null
      ],
      "/home/enj/Downloads/BookStore/test/functional/static_page_controller_test.rb": [
        1,
        null,
        1,
        null,
        null,
        null,
        null
      ],
      "/home/enj/Downloads/BookStore/test/functional/users_controller_test.rb": [
        1,
        null,
        1,
        null,
        1,
        1,
        null,
        1,
        1,
        1,
        1,
        1,
        null,
        null,
        null,
        1,
        1,
        1,
        1,
        1,
        null,
        null,
        1,
        1,
        null,
        1,
        1,
        1,
        null,
        null,
        null,
        1,
        1,
        1,
        1,
        1,
        1,
        null,
        null,
        1,
        1,
        1,
        null,
        null,
        1,
        1,
        1,
        1,
        null,
        null,
        1,
        1,
        1,
        1,
        1,
        null,
        null,
        null
      ],
      "/home/enj/Downloads/BookStore/test/integration/admin_test.rb": [
        1,
        null,
        1,
        3,
        3,
        null,
        null,
        1,
        1,
        1,
        null,
        1,
        1,
        null,
        1,
        null,
        null,
        null,
        null,
        null,
        null,
        null,
        1,
        1,
        null,
        null,
        1,
        1,
        1,
        null,
        1,
        null,
        null,
        null,
        null,
        null,
        null,
        null,
        1,
        1,
        null,
        null,
        1,
        1,
        1,
        1,
        null,
        null,
        null
      ],
      "/home/enj/Downloads/BookStore/test/integration/books_test.rb": [
        1,
        null,
        1,
        null,
        1,
        4,
        4,
        4,
        4,
        4,
        null,
        null,
        1,
        1,
        1,
        1,
        null,
        null,
        1,
        1,
        1,
        1,
        null,
        null,
        1,
        1,
        1,
        1,
        null,
        null,
        1,
        1,
        1,
        1,
        1,
        1,
        null,
        null,
        null
      ],
      "/home/enj/Downloads/BookStore/test/integration/users_test.rb": [
        1,
        null,
        1,
        null,
        1,
        11,
        null,
        null,
        1,
        1,
        1,
        null,
        null,
        null,
        null,
        null,
        null,
        null,
        1,
        1,
        1,
        1,
        null,
        null,
        null,
        null,
        1,
        1,
        1,
        null,
        null,
        null,
        null,
        null,
        null,
        null,
        1,
        null,
        null,
        1,
        1,
        1,
        null,
        null,
        null,
        null,
        1,
        1,
        null,
        null,
        1,
        1,
        1,
        null,
        null,
        1,
        1,
        1,
        null,
        null,
        1,
        1,
        1,
        1,
        1,
        null,
        null,
        null,
        1,
        1,
        1,
        1,
        null,
        null,
        null,
        null,
        1,
        1,
        1,
        1,
        null,
        null,
        1,
        1,
        1,
        null,
        null,
        null,
        null,
        null,
        1,
        1,
        1,
        null,
        1,
        1,
        null,
        1,
        1,
        null,
        null,
        null,
        1,
        1,
        1,
        null,
        null,
        1,
        1,
        null,
        1,
        1,
        null,
        null,
        null,
        null,
        null,
        1,
        null,
        1,
        1,
        null,
        null,
        null,
        null,
        null,
        null,
        null,
        1,
        1,
        1,
        null,
        1,
        null,
        1,
        null,
        null,
        null,
        null,
        null,
        1,
        1,
        null,
        null,
        1,
        1,
        1,
        1,
        1,
        1,
        null,
        null,
        1,
        1,
        1,
        null,
        1,
        null,
        1,
        1,
        1,
        null,
        null,
        null
      ],
      "/home/enj/Downloads/BookStore/test/mailers/user_mailer_test.rb": [
        1,
        null,
        1,
        null,
        1,
        1,
        null,
        null,
        1,
        1,
        null,
        null,
        1,
        1,
        1,
        null,
        null,
        1,
        1,
        null,
        null,
        null,
        1,
        1,
        null,
        null,
        1,
        1,
        1,
        null,
        null
      ],
      "/home/enj/Downloads/BookStore/test/unit/book_test.rb": [
        1,
        null,
        1,
        null,
        1,
        4,
        4,
        null,
        null,
        1,
        1,
        null,
        null,
        null,
        null,
        null,
        1,
        null,
        null,
        1,
        1,
        null,
        null,
        null,
        null,
        1,
        null,
        null,
        1,
        1,
        null,
        null,
        null,
        null,
        1,
        null,
        null,
        1,
        1,
        null,
        null,
        null,
        null,
        1,
        null,
        null,
        null,
        null
      ],
      "/home/enj/Downloads/BookStore/test/unit/token_test.rb": [
        1,
        null,
        1,
        null,
        1,
        2,
        null,
        null,
        1,
        1,
        1,
        1,
        1,
        null,
        null,
        1,
        1,
        1,
        1,
        1,
        1,
        null,
        null
      ],
      "/home/enj/Downloads/BookStore/test/unit/user_test.rb": [
        1,
        null,
        1,
        null,
        1,
        1,
        null,
        null,
        null,
        null,
        1,
        null,
        null,
        1,
        1,
        null,
        null,
        null,
        1,
        null,
        null,
        1,
        1,
        null,
        null,
        null,
        null,
        1,
        null,
        null,
        null
      ],
      "/home/enj/Downloads/BookStore/test/workers/mailer_worker_test.rb": [
        1,
        null,
        1,
        null,
        1,
        1,
        1,
        1,
        1,
        1,
        null,
        null,
        null
      ],
      "/home/enj/Downloads/BookStore/test/workers/password_reset_worker_test.rb": [
        1,
        null,
        1,
        null,
        1,
        null,
        1,
        1,
        1,
        1,
        1,
        null,
        null
      ],
      "/home/enj/Downloads/BookStore/app/models/user.rb": [
        1,
        null,
        1,
        1,
        1,
        null,
        null,
        null,
        null,
        1,
        null,
        null,
        null,
        1,
        null,
        null,
        null,
        1,
        null,
        null,
        null,
        null,
        null,
        null,
        null,
        null,
        null,
        1,
        25,
        25,
        null,
        null,
        1,
        1,
        null,
        null,
        1,
        26,
        26,
        null,
        null,
        1,
        1,
        null,
        null,
        1,
        143,
        null,
        null,
        1,
        270,
        null,
        null,
        1,
        1,
        1,
        1,
        1,
        1,
        null,
        null,
        null,
        null,
        1,
        66,
        null,
        null,
        1,
        2,
        null,
        null,
        1,
        null,
        null,
        null,
        null,
        null,
        null,
        79,
        null,
        null,
        null,
        null,
        1,
        1,
        null,
        110,
        null,
        null,
        1,
        null,
        null,
        null,
        null,
        null,
        null
      ],
      "/home/enj/Downloads/BookStore/app/models/application_record.rb": [
        1,
        1,
        null
      ],
      "/home/enj/Downloads/BookStore/app/models/token.rb": [
        1,
        null,
        1,
        null,
        1,
        null,
        null,
        null,
        null,
        null,
        1,
        null,
        1,
        null,
        1,
        null,
        null,
        null,
        null,
        null,
        1,
        56,
        null,
        56,
        56,
        null,
        null,
        null,
        1,
        3,
        null,
        null,
        1,
        56,
        56,
        56,
        null,
        null,
        null,
        1,
        62,
        62,
        6,
        null,
        null,
        null,
        null,
        null,
        null
      ],
      "/home/enj/Downloads/BookStore/app/models/genre.rb": [
        1,
        1,
        null,
        1,
        null,
        null
      ],
      "/home/enj/Downloads/BookStore/app/models/author.rb": [
        1,
        null,
        1,
        null,
        1,
        null,
        1,
        9,
        null,
        null,
        null
      ],
      "/home/enj/Downloads/BookStore/app/models/book.rb": [
        1,
        null,
        1,
        1,
        null,
        1,
        null,
        1,
        null,
        null,
        null,
        null,
        1,
        null,
        1,
        null,
        1,
        null,
        1,
        11,
        7,
        null,
        4,
        null,
        4,
        null,
        null,
        null,
        null,
        null,
        null,
        null,
        null
      ],
      "/home/enj/Downloads/BookStore/app/workers/password_reset_worker.rb": [
        1,
        1,
        null,
        1,
        1,
        null,
        null,
        null
      ],
      "/home/enj/Downloads/BookStore/app/controllers/users_controller.rb": [
        1,
        null,
        1,
        54,
        null,
        54,
        27,
        null,
        27,
        25,
        25,
        25,
        25,
        13,
        null,
        12,
        null,
        25,
        2,
        1,
        1,
        null,
        1,
        1,
        null,
        null,
        null,
        null,
        1,
        25,
        25,
        null,
        null,
        null,
        null,
        null,
        null,
        1,
        2,
        1,
        1,
        1,
        1,
        null,
        null,
        null,
        1,
        6,
        5,
        5,
        2,
        2,
        null,
        null,
        1,
        1,
        null,
        null,
        1,
        null,
        null,
        null,
        null,
        1,
        null,
        null,
        null,
        1,
        null,
        null,
        null,
        1,
        4,
        1,
        null,
        null,
        3,
        3,
        1,
        1,
        1,
        null,
        0,
        null,
        null,
        0,
        null,
        null,
        null,
        null,
        null,
        null,
        1,
        7,
        3,
        3,
        2,
        null,
        2,
        null,
        2,
        2,
        2,
        2,
        null,
        null,
        null,
        1,
        null,
        null,
        null,
        null,
        1,
        4,
        4,
        4,
        4,
        2,
        1,
        1,
        null,
        null,
        1,
        null,
        null,
        null,
        null,
        0,
        null,
        null,
        null,
        1,
        1,
        0,
        null,
        null,
        1,
        1,
        1,
        1,
        null,
        null,
        null,
        1,
        null,
        null,
        null,
        null,
        null,
        null,
        null,
        null,
        null,
        null,
        null,
        null,
        null,
        null,
        null,
        null,
        1,
        4,
        null,
        null
      ],
      "/home/enj/Downloads/BookStore/app/controllers/application_controller.rb": [
        1,
        null,
        1,
        null,
        1,
        null,
        1,
        118,
        null,
        null,
        1,
        118,
        118,
        38,
        80,
        1,
        null,
        null,
        79,
        null,
        118,
        null,
        null,
        1,
        26,
        26,
        25,
        25,
        null,
        null,
        null,
        1,
        80,
        1,
        1,
        1,
        1,
        null,
        1,
        null,
        null,
        null,
        1,
        26,
        26,
        null,
        null,
        1,
        1,
        1,
        1,
        null,
        1,
        1,
        null,
        null,
        null,
        1,
        8,
        8,
        8,
        null,
        null,
        1,
        1,
        1,
        null,
        null,
        1,
        null,
        null,
        1,
        37,
        1,
        1,
        null,
        36,
        null,
        null,
        1,
        24,
        24,
        6,
        6,
        null,
        18,
        null,
        null,
        null
      ],
      "/home/enj/Downloads/BookStore/app/helpers/application_helper.rb": [
        1,
        null
      ],
      "/home/enj/Downloads/BookStore/app/helpers/admin/users_helper.rb": [
        1,
        null
      ],
      "/home/enj/Downloads/BookStore/app/helpers/books_helper.rb": [
        1,
        null
      ],
      "/home/enj/Downloads/BookStore/app/helpers/static_page_helper.rb": [
        1,
        null
      ],
      "/home/enj/Downloads/BookStore/app/controllers/static_page_controller.rb": [
        1,
        null
      ],
      "/home/enj/Downloads/BookStore/app/workers/mailer_worker.rb": [
        1,
        1,
        null,
        1,
        1,
        null,
        null,
        null
      ],
      "/home/enj/Downloads/BookStore/app/controllers/books_controller.rb": [
        1,
        null,
        1,
        1,
        1,
        null,
        1,
        7,
        null,
        null,
        1,
        null,
        null,
        1,
        1,
        null,
        null,
        1,
        1,
        null,
        1,
        1,
        null,
        0,
        null,
        null,
        null,
        1,
        null,
        null,
        1,
        1,
        0,
        null,
        1,
        null,
        null,
        null,
        1,
        1,
        1,
        null,
        null,
        1,
        null,
        1,
        2,
        null,
        null,
        1,
        2,
        null,
        null,
        null
      ],
      "/home/enj/Downloads/BookStore/app/controllers/admin/users_controller.rb": [
        1,
        null,
        1,
        null,
        1,
        1,
        null,
        null,
        1,
        null,
        null,
        1,
        1,
        null,
        null,
        1,
        1,
        1,
        1,
        null,
        0,
        null,
        null,
        null,
        1,
        1,
        null,
        null,
        1,
        1,
        1,
        1,
        null,
        0,
        null,
        null,
        null,
        1,
        1,
        1,
        1,
        null,
        null,
        1,
        null,
        1,
        2,
        null,
        null,
        null
      ],
      "/home/enj/Downloads/BookStore/app/controllers/admin/authors_controller.rb": [
        1,
        null,
        1,
        1,
        null,
        1,
        null,
        1,
        null,
        null,
        1,
        1,
        null,
        null,
        1,
        1,
        null,
        1,
        1,
        null,
        0,
        null,
        null,
        null,
        1,
        null,
        null,
        1,
        1,
        0,
        null,
        1,
        null,
        null,
        null,
        1,
        1,
        1,
        null,
        null,
        1,
        null,
        1,
        2,
        null,
        null,
        1,
        2,
        null,
        null
      ],
      "/home/enj/Downloads/BookStore/app/controllers/admin/genres_controller.rb": [
        1,
        null,
        1,
        1,
        null,
        1,
        1,
        null,
        null,
        1,
        1,
        null,
        null,
        1,
        1,
        null,
        1,
        1,
        null,
        0,
        null,
        null,
        null,
        1,
        null,
        null,
        1,
        1,
        0,
        null,
        1,
        null,
        null,
        null,
        1,
        1,
        1,
        null,
        null,
        1,
        null,
        1,
        2,
        null,
        null,
        1,
        2,
        null,
        null
      ],
      "/home/enj/Downloads/BookStore/app/mailers/user_mailer.rb": [
        1,
        1,
        null,
        1,
        2,
        2,
        2,
        null,
        2,
        null,
        null,
        1,
        2,
        2,
        2,
        null,
        null,
        2,
        null,
        null,
        null
      ],
      "/home/enj/Downloads/BookStore/app/mailers/application_mailer.rb": [
        1,
        1,
        1,
        null
      ]
    },
    "timestamp": 1557845396
  }
}
